Arguments: 
  F:\program\nodejs\node.exe C:\Users\DoThong\AppData\Roaming\npm\node_modules\yarn\bin\yarn.js start

PATH: 
  F:\app\DoThong\product\12.1.0\dbhome_1\bin;C:\Program Files (x86)\Common Files\Oracle\Java\javapath;C:\ProgramData\Oracle\Java\javapath;C:\Program Files (x86)\Intel\iCLS Client\;C:\Program Files\Intel\iCLS Client\;C:\WINDOWS\system32;C:\WINDOWS;C:\WINDOWS\System32\Wbem;C:\WINDOWS\System32\WindowsPowerShell\v1.0\;C:\Program Files (x86)\Intel\Intel(R) Management Engine Components\DAL;C:\Program Files\Intel\Intel(R) Management Engine Components\DAL;C:\Program Files (x86)\Intel\Intel(R) Management Engine Components\IPT;C:\Program Files\Intel\Intel(R) Management Engine Components\IPT;C:\Program Files\Java\jdk1.8.0_144\bin;C:\Program Files\dotnet\;F:\program\nodejs\;C:\Program Files\MongoDB\Server\3.6\bin;F:\program\Git\cmd;F:\program\subversion\bin;C:\Program Files\TortoiseSVN\bin;C:\Program Files\Java\jre1.8.0_161\bin;F:\program\apache-maven-3.5.3\bin;C:\Program Files\MySQL\MySQL Utilities 1.6\;;C:\WINDOWS\System32\OpenSSH\;C:\Users\DoThong\AppData\Local\Microsoft\WindowsApps;C:\Users\DoThong\AppData\Roaming\Dashlane\4.6.8.25848\bin\Firefox_Extension\{442718d9-475e-452a-b3e1-fb1ee16b8e9f}\components;C:\Users\DoThong\AppData\Roaming\npm;F:\program\Microsoft VS Code\bin;F:\program\subversion\bin;F:\program\apache-maven-3.5.3\bin;C:\Program Files\Java\jdk1.8.0_144\bin;C:\Program Files\Java\jre1.8.0_161\bin;F:\program\Heroku\bin;C:\Users\DoThong\AppData\Local\Microsoft\WindowsApps;

Yarn version: 
  1.5.1

Node version: 
  8.9.4

Platform: 
  win32 x64

npm manifest: 
  No manifest

yarn manifest: 
  No manifest

Lockfile: 
  No lockfile

Trace: 
  Error: Couldn't find a package.json file in "F:\\work\\Eatit-final\\frontend"
      at new MessageError (C:\Users\DoThong\AppData\Roaming\npm\node_modules\yarn\lib\cli.js:186:110)
      at C:\Users\DoThong\AppData\Roaming\npm\node_modules\yarn\lib\cli.js:40048:15
      at Generator.next (<anonymous>)
      at step (C:\Users\DoThong\AppData\Roaming\npm\node_modules\yarn\lib\cli.js:98:30)
      at C:\Users\DoThong\AppData\Roaming\npm\node_modules\yarn\lib\cli.js:109:13
      at <anonymous>
